<?xml version="1.0" encoding="UTF-8"?>
<coverage generated="1714368859937" clover="3.2.0">
  <project timestamp="1714368859937" name="All files">
    <metrics statements="8" coveredstatements="8" conditionals="4" coveredconditionals="4" methods="3" coveredmethods="3" elements="15" coveredelements="15" complexity="0" loc="8" ncloc="8" packages="1" files="2" classes="2"/>
    <file name="healthStatus.js" path="C:\Users\Администратор\Desktop\Нетология\ДЗ\По продвинутый JS\Unit-тестирование\Unit-test\healthStatus.js">
      <metrics statements="6" coveredstatements="6" conditionals="4" coveredconditionals="4" methods="1" coveredmethods="1"/>
      <line num="2" count="3" type="cond" truecount="2" falsecount="0"/>
      <line num="3" count="1" type="stmt"/>
      <line num="4" count="2" type="cond" truecount="2" falsecount="0"/>
      <line num="5" count="1" type="stmt"/>
      <line num="7" count="1" type="stmt"/>
      <line num="11" count="1" type="stmt"/>
    </file>
    <file name="sortHeroes.js" path="C:\Users\Администратор\Desktop\Нетология\ДЗ\По продвинутый JS\Unit-тестирование\Unit-test\sortHeroes.js">
      <metrics statements="2" coveredstatements="2" conditionals="0" coveredconditionals="0" methods="2" coveredmethods="2"/>
      <line num="2" count="4" type="stmt"/>
      <line num="5" count="1" type="stmt"/>
    </file>
  </project>
</coverage>
